<testsuites id="" name="" tests="7" failures="0" skipped="0" errors="0" time="9.365673000000417">
<testsuite name="e2e/user.spec.ts" timestamp="2023-05-19T07:04:45.851Z" hostname="chromium" tests="7" failures="0" skipped="0" time="8.088" errors="0">
<testcase name="Sample testing of insurance user page › adding user to table" classname="e2e/user.spec.ts" time="1.436">
</testcase>
<testcase name="Sample testing of insurance user page › adding1 user to table" classname="e2e/user.spec.ts" time="1.106">
</testcase>
<testcase name="Sample testing of insurance user page › adding2 user to table" classname="e2e/user.spec.ts" time="0.897">
</testcase>
<testcase name="Sample testing of insurance user page › edit user to the table" classname="e2e/user.spec.ts" time="1.344">
</testcase>
<testcase name="Sample testing of insurance user page › edi2t user to the table" classname="e2e/user.spec.ts" time="1.304">
</testcase>
<testcase name="Sample testing of insurance user page › edit3 user to the table" classname="e2e/user.spec.ts" time="0.961">
</testcase>
<testcase name="Sample testing of insurance user page › deleting user from table" classname="e2e/user.spec.ts" time="1.04">
</testcase>
</testsuite>
</testsuites>